CRITICAL - 2023-08-23 01:43:21 --> Undefined array key "product_id"
#0 E:\INSTALLER\htdocs\shop_new\app\Views\profile.php(10): CodeIgniter\Debug\Exceptions->errorHandler(2, 'Undefined array...', 'E:\\INSTALLER\\ht...', 10)
#1 E:\INSTALLER\htdocs\shop_new\system\View\View.php(210): include('E:\\INSTALLER\\ht...')
#2 E:\INSTALLER\htdocs\shop_new\system\View\View.php(213): CodeIgniter\View\View->CodeIgniter\View\{closure}()
#3 E:\INSTALLER\htdocs\shop_new\system\Common.php(1089): CodeIgniter\View\View->render('profile', Array, true)
#4 E:\INSTALLER\htdocs\shop_new\app\Controllers\HomePage.php(43): view('profile', Array)
#5 E:\INSTALLER\htdocs\shop_new\system\CodeIgniter.php(832): App\Controllers\HomePage->profile('1')
#6 E:\INSTALLER\htdocs\shop_new\system\CodeIgniter.php(419): CodeIgniter\CodeIgniter->runController(Object(App\Controllers\HomePage))
#7 E:\INSTALLER\htdocs\shop_new\system\CodeIgniter.php(326): CodeIgniter\CodeIgniter->handleRequest(NULL, Object(Config\Cache), false)
#8 E:\INSTALLER\htdocs\shop_new\index.php(37): CodeIgniter\CodeIgniter->run()
#9 {main}
CRITICAL - 2023-08-23 02:13:49 --> syntax error, unexpected end of file
#0 E:\INSTALLER\htdocs\shop_new\system\View\View.php(213): CodeIgniter\View\View->CodeIgniter\View\{closure}()
#1 E:\INSTALLER\htdocs\shop_new\system\Common.php(1089): CodeIgniter\View\View->render('profile', Array, true)
#2 E:\INSTALLER\htdocs\shop_new\app\Controllers\HomePage.php(43): view('profile', Array)
#3 E:\INSTALLER\htdocs\shop_new\system\CodeIgniter.php(832): App\Controllers\HomePage->profile('1')
#4 E:\INSTALLER\htdocs\shop_new\system\CodeIgniter.php(419): CodeIgniter\CodeIgniter->runController(Object(App\Controllers\HomePage))
#5 E:\INSTALLER\htdocs\shop_new\system\CodeIgniter.php(326): CodeIgniter\CodeIgniter->handleRequest(NULL, Object(Config\Cache), false)
#6 E:\INSTALLER\htdocs\shop_new\index.php(37): CodeIgniter\CodeIgniter->run()
#7 {main}
CRITICAL - 2023-08-23 02:14:29 --> Undefined array key "product_id"
#0 E:\INSTALLER\htdocs\shop_new\app\Views\profile.php(11): CodeIgniter\Debug\Exceptions->errorHandler(2, 'Undefined array...', 'E:\\INSTALLER\\ht...', 11)
#1 E:\INSTALLER\htdocs\shop_new\system\View\View.php(210): include('E:\\INSTALLER\\ht...')
#2 E:\INSTALLER\htdocs\shop_new\system\View\View.php(213): CodeIgniter\View\View->CodeIgniter\View\{closure}()
#3 E:\INSTALLER\htdocs\shop_new\system\Common.php(1089): CodeIgniter\View\View->render('profile', Array, true)
#4 E:\INSTALLER\htdocs\shop_new\app\Controllers\HomePage.php(43): view('profile', Array)
#5 E:\INSTALLER\htdocs\shop_new\system\CodeIgniter.php(832): App\Controllers\HomePage->profile('1')
#6 E:\INSTALLER\htdocs\shop_new\system\CodeIgniter.php(419): CodeIgniter\CodeIgniter->runController(Object(App\Controllers\HomePage))
#7 E:\INSTALLER\htdocs\shop_new\system\CodeIgniter.php(326): CodeIgniter\CodeIgniter->handleRequest(NULL, Object(Config\Cache), false)
#8 E:\INSTALLER\htdocs\shop_new\index.php(37): CodeIgniter\CodeIgniter->run()
#9 {main}
CRITICAL - 2023-08-23 02:14:44 --> Undefined array key "description"
#0 E:\INSTALLER\htdocs\shop_new\app\Views\profile.php(13): CodeIgniter\Debug\Exceptions->errorHandler(2, 'Undefined array...', 'E:\\INSTALLER\\ht...', 13)
#1 E:\INSTALLER\htdocs\shop_new\system\View\View.php(210): include('E:\\INSTALLER\\ht...')
#2 E:\INSTALLER\htdocs\shop_new\system\View\View.php(213): CodeIgniter\View\View->CodeIgniter\View\{closure}()
#3 E:\INSTALLER\htdocs\shop_new\system\Common.php(1089): CodeIgniter\View\View->render('profile', Array, true)
#4 E:\INSTALLER\htdocs\shop_new\app\Controllers\HomePage.php(43): view('profile', Array)
#5 E:\INSTALLER\htdocs\shop_new\system\CodeIgniter.php(832): App\Controllers\HomePage->profile('1')
#6 E:\INSTALLER\htdocs\shop_new\system\CodeIgniter.php(419): CodeIgniter\CodeIgniter->runController(Object(App\Controllers\HomePage))
#7 E:\INSTALLER\htdocs\shop_new\system\CodeIgniter.php(326): CodeIgniter\CodeIgniter->handleRequest(NULL, Object(Config\Cache), false)
#8 E:\INSTALLER\htdocs\shop_new\index.php(37): CodeIgniter\CodeIgniter->run()
#9 {main}
CRITICAL - 2023-08-23 02:19:55 --> syntax error, unexpected token "endforeach", expecting "elseif" or "else" or "endif"
#0 E:\INSTALLER\htdocs\shop_new\system\View\View.php(213): CodeIgniter\View\View->CodeIgniter\View\{closure}()
#1 E:\INSTALLER\htdocs\shop_new\system\Common.php(1089): CodeIgniter\View\View->render('profile', Array, true)
#2 E:\INSTALLER\htdocs\shop_new\app\Controllers\HomePage.php(43): view('profile', Array)
#3 E:\INSTALLER\htdocs\shop_new\system\CodeIgniter.php(832): App\Controllers\HomePage->profile('100')
#4 E:\INSTALLER\htdocs\shop_new\system\CodeIgniter.php(419): CodeIgniter\CodeIgniter->runController(Object(App\Controllers\HomePage))
#5 E:\INSTALLER\htdocs\shop_new\system\CodeIgniter.php(326): CodeIgniter\CodeIgniter->handleRequest(NULL, Object(Config\Cache), false)
#6 E:\INSTALLER\htdocs\shop_new\index.php(37): CodeIgniter\CodeIgniter->run()
#7 {main}
CRITICAL - 2023-08-23 02:23:23 --> Undefined variable $productID
#0 E:\INSTALLER\htdocs\shop_new\app\Views\profile.php(13): CodeIgniter\Debug\Exceptions->errorHandler(2, 'Undefined varia...', 'E:\\INSTALLER\\ht...', 13)
#1 E:\INSTALLER\htdocs\shop_new\system\View\View.php(210): include('E:\\INSTALLER\\ht...')
#2 E:\INSTALLER\htdocs\shop_new\system\View\View.php(213): CodeIgniter\View\View->CodeIgniter\View\{closure}()
#3 E:\INSTALLER\htdocs\shop_new\system\Common.php(1089): CodeIgniter\View\View->render('profile', Array, true)
#4 E:\INSTALLER\htdocs\shop_new\app\Controllers\HomePage.php(43): view('profile', Array)
#5 E:\INSTALLER\htdocs\shop_new\system\CodeIgniter.php(832): App\Controllers\HomePage->profile('100')
#6 E:\INSTALLER\htdocs\shop_new\system\CodeIgniter.php(419): CodeIgniter\CodeIgniter->runController(Object(App\Controllers\HomePage))
#7 E:\INSTALLER\htdocs\shop_new\system\CodeIgniter.php(326): CodeIgniter\CodeIgniter->handleRequest(NULL, Object(Config\Cache), false)
#8 E:\INSTALLER\htdocs\shop_new\index.php(37): CodeIgniter\CodeIgniter->run()
#9 {main}
CRITICAL - 2023-08-23 02:23:37 --> Undefined variable $productID
#0 E:\INSTALLER\htdocs\shop_new\app\Views\profile.php(14): CodeIgniter\Debug\Exceptions->errorHandler(2, 'Undefined varia...', 'E:\\INSTALLER\\ht...', 14)
#1 E:\INSTALLER\htdocs\shop_new\system\View\View.php(210): include('E:\\INSTALLER\\ht...')
#2 E:\INSTALLER\htdocs\shop_new\system\View\View.php(213): CodeIgniter\View\View->CodeIgniter\View\{closure}()
#3 E:\INSTALLER\htdocs\shop_new\system\Common.php(1089): CodeIgniter\View\View->render('profile', Array, true)
#4 E:\INSTALLER\htdocs\shop_new\app\Controllers\HomePage.php(43): view('profile', Array)
#5 E:\INSTALLER\htdocs\shop_new\system\CodeIgniter.php(832): App\Controllers\HomePage->profile('100')
#6 E:\INSTALLER\htdocs\shop_new\system\CodeIgniter.php(419): CodeIgniter\CodeIgniter->runController(Object(App\Controllers\HomePage))
#7 E:\INSTALLER\htdocs\shop_new\system\CodeIgniter.php(326): CodeIgniter\CodeIgniter->handleRequest(NULL, Object(Config\Cache), false)
#8 E:\INSTALLER\htdocs\shop_new\index.php(37): CodeIgniter\CodeIgniter->run()
#9 {main}
CRITICAL - 2023-08-23 02:25:22 --> Undefined array key "product_id"
#0 E:\INSTALLER\htdocs\shop_new\app\Views\profile.php(12): CodeIgniter\Debug\Exceptions->errorHandler(2, 'Undefined array...', 'E:\\INSTALLER\\ht...', 12)
#1 E:\INSTALLER\htdocs\shop_new\system\View\View.php(210): include('E:\\INSTALLER\\ht...')
#2 E:\INSTALLER\htdocs\shop_new\system\View\View.php(213): CodeIgniter\View\View->CodeIgniter\View\{closure}()
#3 E:\INSTALLER\htdocs\shop_new\system\Common.php(1089): CodeIgniter\View\View->render('profile', Array, true)
#4 E:\INSTALLER\htdocs\shop_new\app\Controllers\HomePage.php(43): view('profile', Array)
#5 E:\INSTALLER\htdocs\shop_new\system\CodeIgniter.php(832): App\Controllers\HomePage->profile('100')
#6 E:\INSTALLER\htdocs\shop_new\system\CodeIgniter.php(419): CodeIgniter\CodeIgniter->runController(Object(App\Controllers\HomePage))
#7 E:\INSTALLER\htdocs\shop_new\system\CodeIgniter.php(326): CodeIgniter\CodeIgniter->handleRequest(NULL, Object(Config\Cache), false)
#8 E:\INSTALLER\htdocs\shop_new\index.php(37): CodeIgniter\CodeIgniter->run()
#9 {main}
CRITICAL - 2023-08-23 02:53:08 --> Undefined variable $product
#0 E:\INSTALLER\htdocs\shop_new\app\Views\profile.php(10): CodeIgniter\Debug\Exceptions->errorHandler(2, 'Undefined varia...', 'E:\\INSTALLER\\ht...', 10)
#1 E:\INSTALLER\htdocs\shop_new\system\View\View.php(210): include('E:\\INSTALLER\\ht...')
#2 E:\INSTALLER\htdocs\shop_new\system\View\View.php(213): CodeIgniter\View\View->CodeIgniter\View\{closure}()
#3 E:\INSTALLER\htdocs\shop_new\system\Common.php(1089): CodeIgniter\View\View->render('profile', Array, true)
#4 E:\INSTALLER\htdocs\shop_new\app\Controllers\HomePage.php(44): view('profile', Array)
#5 E:\INSTALLER\htdocs\shop_new\system\CodeIgniter.php(832): App\Controllers\HomePage->profile('100')
#6 E:\INSTALLER\htdocs\shop_new\system\CodeIgniter.php(419): CodeIgniter\CodeIgniter->runController(Object(App\Controllers\HomePage))
#7 E:\INSTALLER\htdocs\shop_new\system\CodeIgniter.php(326): CodeIgniter\CodeIgniter->handleRequest(NULL, Object(Config\Cache), false)
#8 E:\INSTALLER\htdocs\shop_new\index.php(37): CodeIgniter\CodeIgniter->run()
#9 {main}
CRITICAL - 2023-08-23 02:53:25 --> Undefined variable $product
#0 E:\INSTALLER\htdocs\shop_new\app\Views\profile.php(24): CodeIgniter\Debug\Exceptions->errorHandler(2, 'Undefined varia...', 'E:\\INSTALLER\\ht...', 24)
#1 E:\INSTALLER\htdocs\shop_new\system\View\View.php(210): include('E:\\INSTALLER\\ht...')
#2 E:\INSTALLER\htdocs\shop_new\system\View\View.php(213): CodeIgniter\View\View->CodeIgniter\View\{closure}()
#3 E:\INSTALLER\htdocs\shop_new\system\Common.php(1089): CodeIgniter\View\View->render('profile', Array, true)
#4 E:\INSTALLER\htdocs\shop_new\app\Controllers\HomePage.php(44): view('profile', Array)
#5 E:\INSTALLER\htdocs\shop_new\system\CodeIgniter.php(832): App\Controllers\HomePage->profile('100')
#6 E:\INSTALLER\htdocs\shop_new\system\CodeIgniter.php(419): CodeIgniter\CodeIgniter->runController(Object(App\Controllers\HomePage))
#7 E:\INSTALLER\htdocs\shop_new\system\CodeIgniter.php(326): CodeIgniter\CodeIgniter->handleRequest(NULL, Object(Config\Cache), false)
#8 E:\INSTALLER\htdocs\shop_new\index.php(37): CodeIgniter\CodeIgniter->run()
#9 {main}
CRITICAL - 2023-08-23 02:58:40 --> Undefined array key "productID"
#0 E:\INSTALLER\htdocs\shop_new\app\Models\ProductModel.php(91): CodeIgniter\Debug\Exceptions->errorHandler(2, 'Undefined array...', 'E:\\INSTALLER\\ht...', 91)
#1 E:\INSTALLER\htdocs\shop_new\app\Controllers\HomePage.php(43): App\Models\ProductModel->getProductByNameID('1')
#2 E:\INSTALLER\htdocs\shop_new\system\CodeIgniter.php(832): App\Controllers\HomePage->profile('1')
#3 E:\INSTALLER\htdocs\shop_new\system\CodeIgniter.php(419): CodeIgniter\CodeIgniter->runController(Object(App\Controllers\HomePage))
#4 E:\INSTALLER\htdocs\shop_new\system\CodeIgniter.php(326): CodeIgniter\CodeIgniter->handleRequest(NULL, Object(Config\Cache), false)
#5 E:\INSTALLER\htdocs\shop_new\index.php(37): CodeIgniter\CodeIgniter->run()
#6 {main}
CRITICAL - 2023-08-23 03:21:51 --> Call to undefined method App\Models\ProductModel::getProductByNameID
#0 E:\INSTALLER\htdocs\shop_new\app\Controllers\HomePage.php(43): CodeIgniter\Model->__call('getProductByNam...', Array)
#1 E:\INSTALLER\htdocs\shop_new\system\CodeIgniter.php(832): App\Controllers\HomePage->profile('1')
#2 E:\INSTALLER\htdocs\shop_new\system\CodeIgniter.php(419): CodeIgniter\CodeIgniter->runController(Object(App\Controllers\HomePage))
#3 E:\INSTALLER\htdocs\shop_new\system\CodeIgniter.php(326): CodeIgniter\CodeIgniter->handleRequest(NULL, Object(Config\Cache), false)
#4 E:\INSTALLER\htdocs\shop_new\index.php(37): CodeIgniter\CodeIgniter->run()
#5 {main}
CRITICAL - 2023-08-23 03:22:31 --> Trying to access array offset on value of type null
#0 E:\INSTALLER\htdocs\shop_new\app\Views\profile.php(10): CodeIgniter\Debug\Exceptions->errorHandler(2, 'Trying to acces...', 'E:\\INSTALLER\\ht...', 10)
#1 E:\INSTALLER\htdocs\shop_new\system\View\View.php(210): include('E:\\INSTALLER\\ht...')
#2 E:\INSTALLER\htdocs\shop_new\system\View\View.php(213): CodeIgniter\View\View->CodeIgniter\View\{closure}()
#3 E:\INSTALLER\htdocs\shop_new\system\Common.php(1089): CodeIgniter\View\View->render('profile', Array, true)
#4 E:\INSTALLER\htdocs\shop_new\app\Controllers\HomePage.php(44): view('profile', Array)
#5 E:\INSTALLER\htdocs\shop_new\system\CodeIgniter.php(832): App\Controllers\HomePage->profile('1')
#6 E:\INSTALLER\htdocs\shop_new\system\CodeIgniter.php(419): CodeIgniter\CodeIgniter->runController(Object(App\Controllers\HomePage))
#7 E:\INSTALLER\htdocs\shop_new\system\CodeIgniter.php(326): CodeIgniter\CodeIgniter->handleRequest(NULL, Object(Config\Cache), false)
#8 E:\INSTALLER\htdocs\shop_new\index.php(37): CodeIgniter\CodeIgniter->run()
#9 {main}
ERROR - 2023-08-23 03:23:29 --> Unknown column 'product.id' in 'where clause'
CRITICAL - 2023-08-23 03:23:29 --> Unknown column 'product.id' in 'where clause'
#0 E:\INSTALLER\htdocs\shop_new\system\Database\MySQLi\Connection.php(292): mysqli->query('SELECT *\nFROM `...', 0)
#1 E:\INSTALLER\htdocs\shop_new\system\Database\BaseConnection.php(670): CodeIgniter\Database\MySQLi\Connection->execute('SELECT *\nFROM `...')
#2 E:\INSTALLER\htdocs\shop_new\system\Database\BaseConnection.php(598): CodeIgniter\Database\BaseConnection->simpleQuery('SELECT *\nFROM `...')
#3 E:\INSTALLER\htdocs\shop_new\system\Database\BaseBuilder.php(1455): CodeIgniter\Database\BaseConnection->query('SELECT *\nFROM `...', Array, false)
#4 E:\INSTALLER\htdocs\shop_new\system\Model.php(728): CodeIgniter\Database\BaseBuilder->get()
#5 E:\INSTALLER\htdocs\shop_new\app\Models\ProductModel.php(94): CodeIgniter\Model->__call('get', Array)
#6 E:\INSTALLER\htdocs\shop_new\app\Controllers\HomePage.php(43): App\Models\ProductModel->getProductByID('1')
#7 E:\INSTALLER\htdocs\shop_new\system\CodeIgniter.php(832): App\Controllers\HomePage->profile('1')
#8 E:\INSTALLER\htdocs\shop_new\system\CodeIgniter.php(419): CodeIgniter\CodeIgniter->runController(Object(App\Controllers\HomePage))
#9 E:\INSTALLER\htdocs\shop_new\system\CodeIgniter.php(326): CodeIgniter\CodeIgniter->handleRequest(NULL, Object(Config\Cache), false)
#10 E:\INSTALLER\htdocs\shop_new\index.php(37): CodeIgniter\CodeIgniter->run()
#11 {main}
CRITICAL - 2023-08-23 03:24:20 --> Undefined array key "product_id"
#0 E:\INSTALLER\htdocs\shop_new\app\Views\profile.php(10): CodeIgniter\Debug\Exceptions->errorHandler(2, 'Undefined array...', 'E:\\INSTALLER\\ht...', 10)
#1 E:\INSTALLER\htdocs\shop_new\system\View\View.php(210): include('E:\\INSTALLER\\ht...')
#2 E:\INSTALLER\htdocs\shop_new\system\View\View.php(213): CodeIgniter\View\View->CodeIgniter\View\{closure}()
#3 E:\INSTALLER\htdocs\shop_new\system\Common.php(1089): CodeIgniter\View\View->render('profile', Array, true)
#4 E:\INSTALLER\htdocs\shop_new\app\Controllers\HomePage.php(44): view('profile', Array)
#5 E:\INSTALLER\htdocs\shop_new\system\CodeIgniter.php(832): App\Controllers\HomePage->profile('1')
#6 E:\INSTALLER\htdocs\shop_new\system\CodeIgniter.php(419): CodeIgniter\CodeIgniter->runController(Object(App\Controllers\HomePage))
#7 E:\INSTALLER\htdocs\shop_new\system\CodeIgniter.php(326): CodeIgniter\CodeIgniter->handleRequest(NULL, Object(Config\Cache), false)
#8 E:\INSTALLER\htdocs\shop_new\index.php(37): CodeIgniter\CodeIgniter->run()
#9 {main}
CRITICAL - 2023-08-23 03:25:28 --> Undefined array key "size"
#0 E:\INSTALLER\htdocs\shop_new\app\Views\profile.php(16): CodeIgniter\Debug\Exceptions->errorHandler(2, 'Undefined array...', 'E:\\INSTALLER\\ht...', 16)
#1 E:\INSTALLER\htdocs\shop_new\system\View\View.php(210): include('E:\\INSTALLER\\ht...')
#2 E:\INSTALLER\htdocs\shop_new\system\View\View.php(213): CodeIgniter\View\View->CodeIgniter\View\{closure}()
#3 E:\INSTALLER\htdocs\shop_new\system\Common.php(1089): CodeIgniter\View\View->render('profile', Array, true)
#4 E:\INSTALLER\htdocs\shop_new\app\Controllers\HomePage.php(48): view('profile', Array)
#5 E:\INSTALLER\htdocs\shop_new\system\CodeIgniter.php(832): App\Controllers\HomePage->profile('1')
#6 E:\INSTALLER\htdocs\shop_new\system\CodeIgniter.php(419): CodeIgniter\CodeIgniter->runController(Object(App\Controllers\HomePage))
#7 E:\INSTALLER\htdocs\shop_new\system\CodeIgniter.php(326): CodeIgniter\CodeIgniter->handleRequest(NULL, Object(Config\Cache), false)
#8 E:\INSTALLER\htdocs\shop_new\index.php(37): CodeIgniter\CodeIgniter->run()
#9 {main}
CRITICAL - 2023-08-23 03:25:36 --> Undefined array key "admin name"
#0 E:\INSTALLER\htdocs\shop_new\app\Views\profile.php(16): CodeIgniter\Debug\Exceptions->errorHandler(2, 'Undefined array...', 'E:\\INSTALLER\\ht...', 16)
#1 E:\INSTALLER\htdocs\shop_new\system\View\View.php(210): include('E:\\INSTALLER\\ht...')
#2 E:\INSTALLER\htdocs\shop_new\system\View\View.php(213): CodeIgniter\View\View->CodeIgniter\View\{closure}()
#3 E:\INSTALLER\htdocs\shop_new\system\Common.php(1089): CodeIgniter\View\View->render('profile', Array, true)
#4 E:\INSTALLER\htdocs\shop_new\app\Controllers\HomePage.php(48): view('profile', Array)
#5 E:\INSTALLER\htdocs\shop_new\system\CodeIgniter.php(832): App\Controllers\HomePage->profile('1')
#6 E:\INSTALLER\htdocs\shop_new\system\CodeIgniter.php(419): CodeIgniter\CodeIgniter->runController(Object(App\Controllers\HomePage))
#7 E:\INSTALLER\htdocs\shop_new\system\CodeIgniter.php(326): CodeIgniter\CodeIgniter->handleRequest(NULL, Object(Config\Cache), false)
#8 E:\INSTALLER\htdocs\shop_new\index.php(37): CodeIgniter\CodeIgniter->run()
#9 {main}
CRITICAL - 2023-08-23 03:27:59 --> Cannot use object of type App\Models\ProductModel as array
#0 E:\INSTALLER\htdocs\shop_new\system\View\View.php(210): include()
#1 E:\INSTALLER\htdocs\shop_new\system\View\View.php(213): CodeIgniter\View\View->CodeIgniter\View\{closure}()
#2 E:\INSTALLER\htdocs\shop_new\system\Common.php(1089): CodeIgniter\View\View->render('profile', Array, true)
#3 E:\INSTALLER\htdocs\shop_new\app\Controllers\HomePage.php(46): view('profile', Array)
#4 E:\INSTALLER\htdocs\shop_new\system\CodeIgniter.php(832): App\Controllers\HomePage->profile('1')
#5 E:\INSTALLER\htdocs\shop_new\system\CodeIgniter.php(419): CodeIgniter\CodeIgniter->runController(Object(App\Controllers\HomePage))
#6 E:\INSTALLER\htdocs\shop_new\system\CodeIgniter.php(326): CodeIgniter\CodeIgniter->handleRequest(NULL, Object(Config\Cache), false)
#7 E:\INSTALLER\htdocs\shop_new\index.php(37): CodeIgniter\CodeIgniter->run()
#8 {main}
CRITICAL - 2023-08-23 03:59:29 --> Invalid file: product.php
#0 E:\INSTALLER\htdocs\shop_new\system\View\View.php(198): CodeIgniter\Exceptions\FrameworkException::forInvalidFile('product.php')
#1 E:\INSTALLER\htdocs\shop_new\system\Common.php(1089): CodeIgniter\View\View->render('product', Array, true)
#2 E:\INSTALLER\htdocs\shop_new\app\Controllers\HomePage.php(34): view('product', Array)
#3 E:\INSTALLER\htdocs\shop_new\system\CodeIgniter.php(832): App\Controllers\HomePage->index()
#4 E:\INSTALLER\htdocs\shop_new\system\CodeIgniter.php(419): CodeIgniter\CodeIgniter->runController(Object(App\Controllers\HomePage))
#5 E:\INSTALLER\htdocs\shop_new\system\CodeIgniter.php(326): CodeIgniter\CodeIgniter->handleRequest(NULL, Object(Config\Cache), false)
#6 E:\INSTALLER\htdocs\shop_new\index.php(37): CodeIgniter\CodeIgniter->run()
#7 {main}
CRITICAL - 2023-08-23 03:59:31 --> Invalid file: product.php
#0 E:\INSTALLER\htdocs\shop_new\system\View\View.php(198): CodeIgniter\Exceptions\FrameworkException::forInvalidFile('product.php')
#1 E:\INSTALLER\htdocs\shop_new\system\Common.php(1089): CodeIgniter\View\View->render('product', Array, true)
#2 E:\INSTALLER\htdocs\shop_new\app\Controllers\HomePage.php(34): view('product', Array)
#3 E:\INSTALLER\htdocs\shop_new\system\CodeIgniter.php(832): App\Controllers\HomePage->index()
#4 E:\INSTALLER\htdocs\shop_new\system\CodeIgniter.php(419): CodeIgniter\CodeIgniter->runController(Object(App\Controllers\HomePage))
#5 E:\INSTALLER\htdocs\shop_new\system\CodeIgniter.php(326): CodeIgniter\CodeIgniter->handleRequest(NULL, Object(Config\Cache), false)
#6 E:\INSTALLER\htdocs\shop_new\index.php(37): CodeIgniter\CodeIgniter->run()
#7 {main}
CRITICAL - 2023-08-23 04:17:47 --> Call to undefined method App\Models\ProductModel::getAllCategories
#0 E:\INSTALLER\htdocs\shop_new\app\Controllers\HomePage.php(45): CodeIgniter\Model->__call('getAllCategorie...', Array)
#1 E:\INSTALLER\htdocs\shop_new\system\CodeIgniter.php(832): App\Controllers\HomePage->profile('1')
#2 E:\INSTALLER\htdocs\shop_new\system\CodeIgniter.php(419): CodeIgniter\CodeIgniter->runController(Object(App\Controllers\HomePage))
#3 E:\INSTALLER\htdocs\shop_new\system\CodeIgniter.php(326): CodeIgniter\CodeIgniter->handleRequest(NULL, Object(Config\Cache), false)
#4 E:\INSTALLER\htdocs\shop_new\index.php(37): CodeIgniter\CodeIgniter->run()
#5 {main}
CRITICAL - 2023-08-23 04:19:35 --> Call to undefined method App\Models\ProductModel::getAllCategories
#0 E:\INSTALLER\htdocs\shop_new\app\Controllers\HomePage.php(48): CodeIgniter\Model->__call('getAllCategorie...', Array)
#1 E:\INSTALLER\htdocs\shop_new\system\CodeIgniter.php(832): App\Controllers\HomePage->profile('1')
#2 E:\INSTALLER\htdocs\shop_new\system\CodeIgniter.php(419): CodeIgniter\CodeIgniter->runController(Object(App\Controllers\HomePage))
#3 E:\INSTALLER\htdocs\shop_new\system\CodeIgniter.php(326): CodeIgniter\CodeIgniter->handleRequest(NULL, Object(Config\Cache), false)
#4 E:\INSTALLER\htdocs\shop_new\index.php(37): CodeIgniter\CodeIgniter->run()
#5 {main}
CRITICAL - 2023-08-23 04:19:36 --> Call to undefined method App\Models\ProductModel::getAllCategories
#0 E:\INSTALLER\htdocs\shop_new\app\Controllers\HomePage.php(48): CodeIgniter\Model->__call('getAllCategorie...', Array)
#1 E:\INSTALLER\htdocs\shop_new\system\CodeIgniter.php(832): App\Controllers\HomePage->profile('1')
#2 E:\INSTALLER\htdocs\shop_new\system\CodeIgniter.php(419): CodeIgniter\CodeIgniter->runController(Object(App\Controllers\HomePage))
#3 E:\INSTALLER\htdocs\shop_new\system\CodeIgniter.php(326): CodeIgniter\CodeIgniter->handleRequest(NULL, Object(Config\Cache), false)
#4 E:\INSTALLER\htdocs\shop_new\index.php(37): CodeIgniter\CodeIgniter->run()
#5 {main}
CRITICAL - 2023-08-23 04:19:36 --> Call to undefined method App\Models\ProductModel::getAllCategories
#0 E:\INSTALLER\htdocs\shop_new\app\Controllers\HomePage.php(48): CodeIgniter\Model->__call('getAllCategorie...', Array)
#1 E:\INSTALLER\htdocs\shop_new\system\CodeIgniter.php(832): App\Controllers\HomePage->profile('1')
#2 E:\INSTALLER\htdocs\shop_new\system\CodeIgniter.php(419): CodeIgniter\CodeIgniter->runController(Object(App\Controllers\HomePage))
#3 E:\INSTALLER\htdocs\shop_new\system\CodeIgniter.php(326): CodeIgniter\CodeIgniter->handleRequest(NULL, Object(Config\Cache), false)
#4 E:\INSTALLER\htdocs\shop_new\index.php(37): CodeIgniter\CodeIgniter->run()
#5 {main}
CRITICAL - 2023-08-23 04:23:09 --> Undefined variable $categories
#0 E:\INSTALLER\htdocs\shop_new\app\Views\product.php(28): CodeIgniter\Debug\Exceptions->errorHandler(2, 'Undefined varia...', 'E:\\INSTALLER\\ht...', 28)
#1 E:\INSTALLER\htdocs\shop_new\system\View\View.php(210): include('E:\\INSTALLER\\ht...')
#2 E:\INSTALLER\htdocs\shop_new\system\View\View.php(213): CodeIgniter\View\View->CodeIgniter\View\{closure}()
#3 E:\INSTALLER\htdocs\shop_new\system\Common.php(1089): CodeIgniter\View\View->render('product', Array, true)
#4 E:\INSTALLER\htdocs\shop_new\app\Controllers\HomePage.php(38): view('product', Array)
#5 E:\INSTALLER\htdocs\shop_new\system\CodeIgniter.php(832): App\Controllers\HomePage->index()
#6 E:\INSTALLER\htdocs\shop_new\system\CodeIgniter.php(419): CodeIgniter\CodeIgniter->runController(Object(App\Controllers\HomePage))
#7 E:\INSTALLER\htdocs\shop_new\system\CodeIgniter.php(326): CodeIgniter\CodeIgniter->handleRequest(NULL, Object(Config\Cache), false)
#8 E:\INSTALLER\htdocs\shop_new\index.php(37): CodeIgniter\CodeIgniter->run()
#9 {main}
CRITICAL - 2023-08-23 04:23:39 --> Undefined variable $categories
#0 E:\INSTALLER\htdocs\shop_new\app\Views\product.php(28): CodeIgniter\Debug\Exceptions->errorHandler(2, 'Undefined varia...', 'E:\\INSTALLER\\ht...', 28)
#1 E:\INSTALLER\htdocs\shop_new\system\View\View.php(210): include('E:\\INSTALLER\\ht...')
#2 E:\INSTALLER\htdocs\shop_new\system\View\View.php(213): CodeIgniter\View\View->CodeIgniter\View\{closure}()
#3 E:\INSTALLER\htdocs\shop_new\system\Common.php(1089): CodeIgniter\View\View->render('product', Array, true)
#4 E:\INSTALLER\htdocs\shop_new\app\Controllers\HomePage.php(38): view('product', Array)
#5 E:\INSTALLER\htdocs\shop_new\system\CodeIgniter.php(832): App\Controllers\HomePage->index()
#6 E:\INSTALLER\htdocs\shop_new\system\CodeIgniter.php(419): CodeIgniter\CodeIgniter->runController(Object(App\Controllers\HomePage))
#7 E:\INSTALLER\htdocs\shop_new\system\CodeIgniter.php(326): CodeIgniter\CodeIgniter->handleRequest(NULL, Object(Config\Cache), false)
#8 E:\INSTALLER\htdocs\shop_new\index.php(37): CodeIgniter\CodeIgniter->run()
#9 {main}
CRITICAL - 2023-08-23 04:24:41 --> Undefined variable $categories
#0 E:\INSTALLER\htdocs\shop_new\app\Views\product.php(28): CodeIgniter\Debug\Exceptions->errorHandler(2, 'Undefined varia...', 'E:\\INSTALLER\\ht...', 28)
#1 E:\INSTALLER\htdocs\shop_new\system\View\View.php(210): include('E:\\INSTALLER\\ht...')
#2 E:\INSTALLER\htdocs\shop_new\system\View\View.php(213): CodeIgniter\View\View->CodeIgniter\View\{closure}()
#3 E:\INSTALLER\htdocs\shop_new\system\Common.php(1089): CodeIgniter\View\View->render('product', Array, true)
#4 E:\INSTALLER\htdocs\shop_new\app\Controllers\HomePage.php(38): view('product', Array)
#5 E:\INSTALLER\htdocs\shop_new\system\CodeIgniter.php(832): App\Controllers\HomePage->index()
#6 E:\INSTALLER\htdocs\shop_new\system\CodeIgniter.php(419): CodeIgniter\CodeIgniter->runController(Object(App\Controllers\HomePage))
#7 E:\INSTALLER\htdocs\shop_new\system\CodeIgniter.php(326): CodeIgniter\CodeIgniter->handleRequest(NULL, Object(Config\Cache), false)
#8 E:\INSTALLER\htdocs\shop_new\index.php(37): CodeIgniter\CodeIgniter->run()
#9 {main}
CRITICAL - 2023-08-23 04:24:43 --> Undefined variable $categories
#0 E:\INSTALLER\htdocs\shop_new\app\Views\product.php(28): CodeIgniter\Debug\Exceptions->errorHandler(2, 'Undefined varia...', 'E:\\INSTALLER\\ht...', 28)
#1 E:\INSTALLER\htdocs\shop_new\system\View\View.php(210): include('E:\\INSTALLER\\ht...')
#2 E:\INSTALLER\htdocs\shop_new\system\View\View.php(213): CodeIgniter\View\View->CodeIgniter\View\{closure}()
#3 E:\INSTALLER\htdocs\shop_new\system\Common.php(1089): CodeIgniter\View\View->render('product', Array, true)
#4 E:\INSTALLER\htdocs\shop_new\app\Controllers\HomePage.php(38): view('product', Array)
#5 E:\INSTALLER\htdocs\shop_new\system\CodeIgniter.php(832): App\Controllers\HomePage->index()
#6 E:\INSTALLER\htdocs\shop_new\system\CodeIgniter.php(419): CodeIgniter\CodeIgniter->runController(Object(App\Controllers\HomePage))
#7 E:\INSTALLER\htdocs\shop_new\system\CodeIgniter.php(326): CodeIgniter\CodeIgniter->handleRequest(NULL, Object(Config\Cache), false)
#8 E:\INSTALLER\htdocs\shop_new\index.php(37): CodeIgniter\CodeIgniter->run()
#9 {main}
CRITICAL - 2023-08-23 04:24:49 --> Undefined variable $categories
#0 E:\INSTALLER\htdocs\shop_new\app\Views\product.php(28): CodeIgniter\Debug\Exceptions->errorHandler(2, 'Undefined varia...', 'E:\\INSTALLER\\ht...', 28)
#1 E:\INSTALLER\htdocs\shop_new\system\View\View.php(210): include('E:\\INSTALLER\\ht...')
#2 E:\INSTALLER\htdocs\shop_new\system\View\View.php(213): CodeIgniter\View\View->CodeIgniter\View\{closure}()
#3 E:\INSTALLER\htdocs\shop_new\system\Common.php(1089): CodeIgniter\View\View->render('product', Array, true)
#4 E:\INSTALLER\htdocs\shop_new\app\Controllers\HomePage.php(38): view('product', Array)
#5 E:\INSTALLER\htdocs\shop_new\system\CodeIgniter.php(832): App\Controllers\HomePage->index()
#6 E:\INSTALLER\htdocs\shop_new\system\CodeIgniter.php(419): CodeIgniter\CodeIgniter->runController(Object(App\Controllers\HomePage))
#7 E:\INSTALLER\htdocs\shop_new\system\CodeIgniter.php(326): CodeIgniter\CodeIgniter->handleRequest(NULL, Object(Config\Cache), false)
#8 E:\INSTALLER\htdocs\shop_new\index.php(37): CodeIgniter\CodeIgniter->run()
#9 {main}
CRITICAL - 2023-08-23 04:24:54 --> Undefined variable $categories
#0 E:\INSTALLER\htdocs\shop_new\app\Views\product.php(28): CodeIgniter\Debug\Exceptions->errorHandler(2, 'Undefined varia...', 'E:\\INSTALLER\\ht...', 28)
#1 E:\INSTALLER\htdocs\shop_new\system\View\View.php(210): include('E:\\INSTALLER\\ht...')
#2 E:\INSTALLER\htdocs\shop_new\system\View\View.php(213): CodeIgniter\View\View->CodeIgniter\View\{closure}()
#3 E:\INSTALLER\htdocs\shop_new\system\Common.php(1089): CodeIgniter\View\View->render('product', Array, true)
#4 E:\INSTALLER\htdocs\shop_new\app\Controllers\HomePage.php(38): view('product', Array)
#5 E:\INSTALLER\htdocs\shop_new\system\CodeIgniter.php(832): App\Controllers\HomePage->index()
#6 E:\INSTALLER\htdocs\shop_new\system\CodeIgniter.php(419): CodeIgniter\CodeIgniter->runController(Object(App\Controllers\HomePage))
#7 E:\INSTALLER\htdocs\shop_new\system\CodeIgniter.php(326): CodeIgniter\CodeIgniter->handleRequest(NULL, Object(Config\Cache), false)
#8 E:\INSTALLER\htdocs\shop_new\index.php(37): CodeIgniter\CodeIgniter->run()
#9 {main}
CRITICAL - 2023-08-23 04:25:42 --> Undefined variable $categories
#0 E:\INSTALLER\htdocs\shop_new\app\Views\product.php(27): CodeIgniter\Debug\Exceptions->errorHandler(2, 'Undefined varia...', 'E:\\INSTALLER\\ht...', 27)
#1 E:\INSTALLER\htdocs\shop_new\system\View\View.php(210): include('E:\\INSTALLER\\ht...')
#2 E:\INSTALLER\htdocs\shop_new\system\View\View.php(213): CodeIgniter\View\View->CodeIgniter\View\{closure}()
#3 E:\INSTALLER\htdocs\shop_new\system\Common.php(1089): CodeIgniter\View\View->render('product', Array, true)
#4 E:\INSTALLER\htdocs\shop_new\app\Controllers\HomePage.php(38): view('product', Array)
#5 E:\INSTALLER\htdocs\shop_new\system\CodeIgniter.php(832): App\Controllers\HomePage->index()
#6 E:\INSTALLER\htdocs\shop_new\system\CodeIgniter.php(419): CodeIgniter\CodeIgniter->runController(Object(App\Controllers\HomePage))
#7 E:\INSTALLER\htdocs\shop_new\system\CodeIgniter.php(326): CodeIgniter\CodeIgniter->handleRequest(NULL, Object(Config\Cache), false)
#8 E:\INSTALLER\htdocs\shop_new\index.php(37): CodeIgniter\CodeIgniter->run()
#9 {main}
CRITICAL - 2023-08-23 04:25:42 --> Undefined variable $categories
#0 E:\INSTALLER\htdocs\shop_new\app\Views\product.php(27): CodeIgniter\Debug\Exceptions->errorHandler(2, 'Undefined varia...', 'E:\\INSTALLER\\ht...', 27)
#1 E:\INSTALLER\htdocs\shop_new\system\View\View.php(210): include('E:\\INSTALLER\\ht...')
#2 E:\INSTALLER\htdocs\shop_new\system\View\View.php(213): CodeIgniter\View\View->CodeIgniter\View\{closure}()
#3 E:\INSTALLER\htdocs\shop_new\system\Common.php(1089): CodeIgniter\View\View->render('product', Array, true)
#4 E:\INSTALLER\htdocs\shop_new\app\Controllers\HomePage.php(38): view('product', Array)
#5 E:\INSTALLER\htdocs\shop_new\system\CodeIgniter.php(832): App\Controllers\HomePage->index()
#6 E:\INSTALLER\htdocs\shop_new\system\CodeIgniter.php(419): CodeIgniter\CodeIgniter->runController(Object(App\Controllers\HomePage))
#7 E:\INSTALLER\htdocs\shop_new\system\CodeIgniter.php(326): CodeIgniter\CodeIgniter->handleRequest(NULL, Object(Config\Cache), false)
#8 E:\INSTALLER\htdocs\shop_new\index.php(37): CodeIgniter\CodeIgniter->run()
#9 {main}
CRITICAL - 2023-08-23 04:27:59 --> Undefined variable $categories
#0 E:\INSTALLER\htdocs\shop_new\app\Views\product.php(27): CodeIgniter\Debug\Exceptions->errorHandler(2, 'Undefined varia...', 'E:\\INSTALLER\\ht...', 27)
#1 E:\INSTALLER\htdocs\shop_new\system\View\View.php(210): include('E:\\INSTALLER\\ht...')
#2 E:\INSTALLER\htdocs\shop_new\system\View\View.php(213): CodeIgniter\View\View->CodeIgniter\View\{closure}()
#3 E:\INSTALLER\htdocs\shop_new\system\Common.php(1089): CodeIgniter\View\View->render('product', Array, true)
#4 E:\INSTALLER\htdocs\shop_new\app\Controllers\HomePage.php(39): view('product', Array)
#5 E:\INSTALLER\htdocs\shop_new\system\CodeIgniter.php(832): App\Controllers\HomePage->index()
#6 E:\INSTALLER\htdocs\shop_new\system\CodeIgniter.php(419): CodeIgniter\CodeIgniter->runController(Object(App\Controllers\HomePage))
#7 E:\INSTALLER\htdocs\shop_new\system\CodeIgniter.php(326): CodeIgniter\CodeIgniter->handleRequest(NULL, Object(Config\Cache), false)
#8 E:\INSTALLER\htdocs\shop_new\index.php(37): CodeIgniter\CodeIgniter->run()
#9 {main}
CRITICAL - 2023-08-23 04:28:39 --> Undefined variable $categories
#0 E:\INSTALLER\htdocs\shop_new\app\Views\product.php(27): CodeIgniter\Debug\Exceptions->errorHandler(2, 'Undefined varia...', 'E:\\INSTALLER\\ht...', 27)
#1 E:\INSTALLER\htdocs\shop_new\system\View\View.php(210): include('E:\\INSTALLER\\ht...')
#2 E:\INSTALLER\htdocs\shop_new\system\View\View.php(213): CodeIgniter\View\View->CodeIgniter\View\{closure}()
#3 E:\INSTALLER\htdocs\shop_new\system\Common.php(1089): CodeIgniter\View\View->render('product', Array, true)
#4 E:\INSTALLER\htdocs\shop_new\app\Controllers\HomePage.php(39): view('product', Array)
#5 E:\INSTALLER\htdocs\shop_new\system\CodeIgniter.php(832): App\Controllers\HomePage->index()
#6 E:\INSTALLER\htdocs\shop_new\system\CodeIgniter.php(419): CodeIgniter\CodeIgniter->runController(Object(App\Controllers\HomePage))
#7 E:\INSTALLER\htdocs\shop_new\system\CodeIgniter.php(326): CodeIgniter\CodeIgniter->handleRequest(NULL, Object(Config\Cache), false)
#8 E:\INSTALLER\htdocs\shop_new\index.php(37): CodeIgniter\CodeIgniter->run()
#9 {main}
CRITICAL - 2023-08-23 04:32:56 --> Undefined array key "category name"
#0 E:\INSTALLER\htdocs\shop_new\app\Views\product.php(41): CodeIgniter\Debug\Exceptions->errorHandler(2, 'Undefined array...', 'E:\\INSTALLER\\ht...', 41)
#1 E:\INSTALLER\htdocs\shop_new\system\View\View.php(210): include('E:\\INSTALLER\\ht...')
#2 E:\INSTALLER\htdocs\shop_new\system\View\View.php(213): CodeIgniter\View\View->CodeIgniter\View\{closure}()
#3 E:\INSTALLER\htdocs\shop_new\system\Common.php(1089): CodeIgniter\View\View->render('product', Array, true)
#4 E:\INSTALLER\htdocs\shop_new\app\Controllers\HomePage.php(39): view('product', Array)
#5 E:\INSTALLER\htdocs\shop_new\system\CodeIgniter.php(832): App\Controllers\HomePage->index()
#6 E:\INSTALLER\htdocs\shop_new\system\CodeIgniter.php(419): CodeIgniter\CodeIgniter->runController(Object(App\Controllers\HomePage))
#7 E:\INSTALLER\htdocs\shop_new\system\CodeIgniter.php(326): CodeIgniter\CodeIgniter->handleRequest(NULL, Object(Config\Cache), false)
#8 E:\INSTALLER\htdocs\shop_new\index.php(37): CodeIgniter\CodeIgniter->run()
#9 {main}
CRITICAL - 2023-08-23 04:33:47 --> Undefined array key "category name"
#0 E:\INSTALLER\htdocs\shop_new\app\Views\product.php(41): CodeIgniter\Debug\Exceptions->errorHandler(2, 'Undefined array...', 'E:\\INSTALLER\\ht...', 41)
#1 E:\INSTALLER\htdocs\shop_new\system\View\View.php(210): include('E:\\INSTALLER\\ht...')
#2 E:\INSTALLER\htdocs\shop_new\system\View\View.php(213): CodeIgniter\View\View->CodeIgniter\View\{closure}()
#3 E:\INSTALLER\htdocs\shop_new\system\Common.php(1089): CodeIgniter\View\View->render('product', Array, true)
#4 E:\INSTALLER\htdocs\shop_new\app\Controllers\HomePage.php(39): view('product', Array)
#5 E:\INSTALLER\htdocs\shop_new\system\CodeIgniter.php(832): App\Controllers\HomePage->index()
#6 E:\INSTALLER\htdocs\shop_new\system\CodeIgniter.php(419): CodeIgniter\CodeIgniter->runController(Object(App\Controllers\HomePage))
#7 E:\INSTALLER\htdocs\shop_new\system\CodeIgniter.php(326): CodeIgniter\CodeIgniter->handleRequest(NULL, Object(Config\Cache), false)
#8 E:\INSTALLER\htdocs\shop_new\index.php(37): CodeIgniter\CodeIgniter->run()
#9 {main}
CRITICAL - 2023-08-23 04:34:25 --> Undefined array key "category name"
#0 E:\INSTALLER\htdocs\shop_new\app\Views\product.php(41): CodeIgniter\Debug\Exceptions->errorHandler(2, 'Undefined array...', 'E:\\INSTALLER\\ht...', 41)
#1 E:\INSTALLER\htdocs\shop_new\system\View\View.php(210): include('E:\\INSTALLER\\ht...')
#2 E:\INSTALLER\htdocs\shop_new\system\View\View.php(213): CodeIgniter\View\View->CodeIgniter\View\{closure}()
#3 E:\INSTALLER\htdocs\shop_new\system\Common.php(1089): CodeIgniter\View\View->render('product', Array, true)
#4 E:\INSTALLER\htdocs\shop_new\app\Controllers\HomePage.php(39): view('product', Array)
#5 E:\INSTALLER\htdocs\shop_new\system\CodeIgniter.php(832): App\Controllers\HomePage->index()
#6 E:\INSTALLER\htdocs\shop_new\system\CodeIgniter.php(419): CodeIgniter\CodeIgniter->runController(Object(App\Controllers\HomePage))
#7 E:\INSTALLER\htdocs\shop_new\system\CodeIgniter.php(326): CodeIgniter\CodeIgniter->handleRequest(NULL, Object(Config\Cache), false)
#8 E:\INSTALLER\htdocs\shop_new\index.php(37): CodeIgniter\CodeIgniter->run()
#9 {main}
CRITICAL - 2023-08-23 04:50:42 --> Undefined variable $products
#0 E:\INSTALLER\htdocs\shop_new\app\Views\profile.php(10): CodeIgniter\Debug\Exceptions->errorHandler(2, 'Undefined varia...', 'E:\\INSTALLER\\ht...', 10)
#1 E:\INSTALLER\htdocs\shop_new\system\View\View.php(210): include('E:\\INSTALLER\\ht...')
#2 E:\INSTALLER\htdocs\shop_new\system\View\View.php(213): CodeIgniter\View\View->CodeIgniter\View\{closure}()
#3 E:\INSTALLER\htdocs\shop_new\system\Common.php(1089): CodeIgniter\View\View->render('profile', Array, true)
#4 E:\INSTALLER\htdocs\shop_new\app\Controllers\HomePage.php(51): view('profile', Array)
#5 E:\INSTALLER\htdocs\shop_new\system\CodeIgniter.php(832): App\Controllers\HomePage->profile('1')
#6 E:\INSTALLER\htdocs\shop_new\system\CodeIgniter.php(419): CodeIgniter\CodeIgniter->runController(Object(App\Controllers\HomePage))
#7 E:\INSTALLER\htdocs\shop_new\system\CodeIgniter.php(326): CodeIgniter\CodeIgniter->handleRequest(NULL, Object(Config\Cache), false)
#8 E:\INSTALLER\htdocs\shop_new\index.php(37): CodeIgniter\CodeIgniter->run()
#9 {main}
CRITICAL - 2023-08-23 05:02:38 --> Undefined array key "quantity"
#0 E:\INSTALLER\htdocs\shop_new\app\Controllers\HomePage.php(51): CodeIgniter\Debug\Exceptions->errorHandler(2, 'Undefined array...', 'E:\\INSTALLER\\ht...', 51)
#1 E:\INSTALLER\htdocs\shop_new\system\CodeIgniter.php(832): App\Controllers\HomePage->profile('1')
#2 E:\INSTALLER\htdocs\shop_new\system\CodeIgniter.php(419): CodeIgniter\CodeIgniter->runController(Object(App\Controllers\HomePage))
#3 E:\INSTALLER\htdocs\shop_new\system\CodeIgniter.php(326): CodeIgniter\CodeIgniter->handleRequest(NULL, Object(Config\Cache), false)
#4 E:\INSTALLER\htdocs\shop_new\index.php(37): CodeIgniter\CodeIgniter->run()
#5 {main}
